Sat Feb 27 2021 00:11:45 GMT+0530 (India Standard Time) - POST - /customers/ 
Sat Feb 27 2021 00:12:08 GMT+0530 (India Standard Time) - POST - /login 
Sat Feb 27 2021 00:13:09 GMT+0530 (India Standard Time) - GET - /plans/ 
Sat Feb 27 2021 00:13:33 GMT+0530 (India Standard Time) - GET - /customers/9632937428/fNumber 
Sat Feb 27 2021 00:13:33 GMT+0530 (India Standard Time) - GET - /customers/9632937428 
Sat Feb 27 2021 00:13:33 GMT+0530 (India Standard Time) - GET - /plan/1 
Sat Feb 27 2021 00:15:38 GMT+0530 (India Standard Time) - POST - /customers/9632937428/friends 
Sat Feb 27 2021 00:15:49 GMT+0530 (India Standard Time) - GET - /customers/9632937428 
Sat Feb 27 2021 00:15:49 GMT+0530 (India Standard Time) - GET - /customers/9632937428/fNumber 
Sat Feb 27 2021 00:15:49 GMT+0530 (India Standard Time) - GET - /plan/1 
Sat Feb 27 2021 00:17:20 GMT+0530 (India Standard Time) - POST - /login 
Sat Feb 27 2021 00:17:24 GMT+0530 (India Standard Time) - GET - /customers/8861887993/calldetails 
Sat Feb 27 2021 00:18:41 GMT+0530 (India Standard Time) - POST - /login 
Mon Apr 26 2021 10:28:31 GMT+0530 (India Standard Time) - POST - /customers/ 
Mon Apr 26 2021 10:28:43 GMT+0530 (India Standard Time) - POST - /login 
Mon Apr 26 2021 10:28:47 GMT+0530 (India Standard Time) - GET - /customers/9009009001 
Mon Apr 26 2021 10:28:47 GMT+0530 (India Standard Time) - GET - /customers/9009009001/fNumber 
Mon Apr 26 2021 10:28:47 GMT+0530 (India Standard Time) - GET - /plan/1 
Mon Apr 26 2021 10:29:06 GMT+0530 (India Standard Time) - POST - /customers/9009009001/friends 
Mon Apr 26 2021 10:29:24 GMT+0530 (India Standard Time) - POST - /customers/9009009001/friends 
Mon Apr 26 2021 10:29:31 GMT+0530 (India Standard Time) - GET - /customers/9009009001/calldetails 
Mon Apr 26 2021 10:29:33 GMT+0530 (India Standard Time) - GET - /plans/ 
Mon Apr 26 2021 10:29:51 GMT+0530 (India Standard Time) - POST - /customers/9009009001/friends 
Mon Apr 26 2021 10:30:10 GMT+0530 (India Standard Time) - GET - /customers/9009009001/calldetails 
Mon Apr 26 2021 10:30:12 GMT+0530 (India Standard Time) - GET - /customers/9009009001 
Mon Apr 26 2021 10:30:12 GMT+0530 (India Standard Time) - GET - /customers/9009009001/fNumber 
Mon Apr 26 2021 10:30:12 GMT+0530 (India Standard Time) - GET - /plan/1 
Mon Apr 26 2021 10:30:51 GMT+0530 (India Standard Time) - POST - /customers/ 
Mon Apr 26 2021 10:31:00 GMT+0530 (India Standard Time) - POST - /login 
Mon Apr 26 2021 10:31:10 GMT+0530 (India Standard Time) - POST - /customers/9009009001/friends 
Mon Apr 26 2021 10:31:13 GMT+0530 (India Standard Time) - GET - /customers/9009009001 
Mon Apr 26 2021 10:31:13 GMT+0530 (India Standard Time) - GET - /customers/9009009001/fNumber 
Mon Apr 26 2021 10:31:13 GMT+0530 (India Standard Time) - GET - /plan/1 
Mon Apr 26 2021 10:52:07 GMT+0530 (India Standard Time) - POST - /login 
Mon Apr 26 2021 10:52:09 GMT+0530 (India Standard Time) - GET - /customers/9009009001 
Mon Apr 26 2021 10:52:09 GMT+0530 (India Standard Time) - GET - /customers/9009009001/fNumber 
Mon Apr 26 2021 10:52:09 GMT+0530 (India Standard Time) - GET - /plan/NaN 
Mon Apr 26 2021 10:52:19 GMT+0530 (India Standard Time) - GET - /customers/9009009001/calldetails 
Mon Apr 26 2021 10:52:20 GMT+0530 (India Standard Time) - GET - /plans/ 
Mon Apr 26 2021 10:52:21 GMT+0530 (India Standard Time) - GET - /customers/9009009001 
Mon Apr 26 2021 10:52:21 GMT+0530 (India Standard Time) - GET - /customers/9009009001/fNumber 
Mon Apr 26 2021 10:52:22 GMT+0530 (India Standard Time) - GET - /plan/NaN 
Mon Apr 26 2021 10:52:26 GMT+0530 (India Standard Time) - GET - /customers/undefined 
Mon Apr 26 2021 10:52:26 GMT+0530 (India Standard Time) - GET - /customers/undefined/fNumber 
Mon Apr 26 2021 10:52:30 GMT+0530 (India Standard Time) - GET - /customers/undefined/calldetails 
Mon Apr 26 2021 10:52:30 GMT+0530 (India Standard Time) - GET - /plans/ 
Mon Apr 26 2021 10:52:32 GMT+0530 (India Standard Time) - GET - /customers/undefined 
Mon Apr 26 2021 10:52:32 GMT+0530 (India Standard Time) - GET - /customers/undefined/fNumber 
Mon Apr 26 2021 10:52:42 GMT+0530 (India Standard Time) - POST - /login 
Mon Apr 26 2021 10:52:44 GMT+0530 (India Standard Time) - GET - /customers/9009009001 
Mon Apr 26 2021 10:52:44 GMT+0530 (India Standard Time) - GET - /customers/9009009001/fNumber 
Mon Apr 26 2021 10:52:44 GMT+0530 (India Standard Time) - GET - /plan/NaN 
Mon Apr 26 2021 10:59:26 GMT+0530 (India Standard Time) - POST - /customers/ 
Mon Apr 26 2021 10:59:42 GMT+0530 (India Standard Time) - POST - /login 
Thu May 06 2021 09:44:11 GMT+0530 (India Standard Time) - POST - /customers/ 
Thu May 06 2021 09:45:01 GMT+0530 (India Standard Time) - POST - /login 
Thu May 06 2021 09:45:04 GMT+0530 (India Standard Time) - GET - /customers/9009009004 
Thu May 06 2021 09:45:04 GMT+0530 (India Standard Time) - GET - /customers/9009009004/fNumber 
Thu May 06 2021 09:45:04 GMT+0530 (India Standard Time) - GET - /plan/1 
Thu May 06 2021 09:47:43 GMT+0530 (India Standard Time) - POST - /customers/9009009004/friends 
Thu May 06 2021 09:47:45 GMT+0530 (India Standard Time) - GET - /customers/9009009004 
Thu May 06 2021 09:47:45 GMT+0530 (India Standard Time) - GET - /customers/9009009004/fNumber 
Thu May 06 2021 09:47:45 GMT+0530 (India Standard Time) - GET - /plan/1 
Thu May 06 2021 09:47:49 GMT+0530 (India Standard Time) - GET - /customers/9009009004/calldetails 
Thu May 06 2021 09:47:52 GMT+0530 (India Standard Time) - GET - /plans/ 
Thu May 06 2021 09:47:54 GMT+0530 (India Standard Time) - GET - /customers/9009009004/calldetails 
Thu May 06 2021 09:49:56 GMT+0530 (India Standard Time) - GET - /plans/ 
Thu May 06 2021 09:49:56 GMT+0530 (India Standard Time) - GET - /customers/9009009004/calldetails 
Thu May 06 2021 09:50:03 GMT+0530 (India Standard Time) - GET - /plans/ 
Thu May 06 2021 09:50:06 GMT+0530 (India Standard Time) - GET - /customers/9009009004/fNumber 
Thu May 06 2021 09:50:06 GMT+0530 (India Standard Time) - GET - /customers/9009009004 
Thu May 06 2021 09:50:06 GMT+0530 (India Standard Time) - GET - /plan/1 
Thu May 06 2021 09:50:37 GMT+0530 (India Standard Time) - POST - /customers/9009009004/friends 
Thu May 06 2021 09:50:44 GMT+0530 (India Standard Time) - GET - /customers/9009009004 
Thu May 06 2021 09:50:44 GMT+0530 (India Standard Time) - GET - /customers/9009009004/fNumber 
Thu May 06 2021 09:50:44 GMT+0530 (India Standard Time) - GET - /plan/1 
Thu May 06 2021 09:50:57 GMT+0530 (India Standard Time) - GET - /customers/9009009004/calldetails 
Thu May 06 2021 09:50:58 GMT+0530 (India Standard Time) - GET - /plans/ 
Thu May 06 2021 15:09:05 GMT+0530 (India Standard Time) - POST - /customers/ 
Thu May 06 2021 15:09:08 GMT+0530 (India Standard Time) - POST - /customers/ 
Thu May 06 2021 15:10:50 GMT+0530 (India Standard Time) - POST - /login 
Thu May 06 2021 15:10:52 GMT+0530 (India Standard Time) - GET - /customers/8861887993 
Thu May 06 2021 15:10:52 GMT+0530 (India Standard Time) - GET - /customers/8861887993/fNumber 
Thu May 06 2021 15:10:52 GMT+0530 (India Standard Time) - GET - /plan/1 
Thu May 06 2021 15:11:03 GMT+0530 (India Standard Time) - GET - /plans/ 
Thu May 06 2021 15:11:05 GMT+0530 (India Standard Time) - GET - /customers/8861887993/calldetails 
Thu May 06 2021 15:11:09 GMT+0530 (India Standard Time) - GET - /customers/8861887993/fNumber 
Thu May 06 2021 15:11:09 GMT+0530 (India Standard Time) - GET - /customers/8861887993 
Thu May 06 2021 15:11:10 GMT+0530 (India Standard Time) - GET - /plan/1 
Thu May 06 2021 15:15:32 GMT+0530 (India Standard Time) - GET - /customers/8861887993/calldetails 
Thu May 06 2021 15:15:37 GMT+0530 (India Standard Time) - GET - /plans/ 
Thu May 06 2021 15:18:21 GMT+0530 (India Standard Time) - GET - /customers/8861887993 
Thu May 06 2021 15:18:21 GMT+0530 (India Standard Time) - GET - /customers/8861887993/fNumber 
Thu May 06 2021 15:18:22 GMT+0530 (India Standard Time) - GET - /plan/1 
Thu May 06 2021 15:25:15 GMT+0530 (India Standard Time) - GET - /customers/9952272302 
Thu May 06 2021 16:51:57 GMT+0530 (India Standard Time) - POST - /customers/ 
Thu May 06 2021 16:59:29 GMT+0530 (India Standard Time) - POST - /customers/ 
Thu May 06 2021 17:01:34 GMT+0530 (India Standard Time) - POST - /customers/ 
Thu May 06 2021 17:12:12 GMT+0530 (India Standard Time) - POST - /customers/ 
Thu May 06 2021 17:14:49 GMT+0530 (India Standard Time) - POST - /customers/ 
Thu May 06 2021 17:18:45 GMT+0530 (India Standard Time) - POST - /customers/ 
Thu May 06 2021 17:31:31 GMT+0530 (India Standard Time) - POST - /customers/ 
Thu May 06 2021 17:35:57 GMT+0530 (India Standard Time) - POST - /customers/ 
Thu May 06 2021 17:36:54 GMT+0530 (India Standard Time) - POST - /customers/ 
Thu May 06 2021 17:37:32 GMT+0530 (India Standard Time) - POST - /customers/ 
Thu May 06 2021 17:37:35 GMT+0530 (India Standard Time) - POST - /customers/ 
Thu May 06 2021 17:37:35 GMT+0530 (India Standard Time) - POST - /customers/ 
Thu May 06 2021 17:41:06 GMT+0530 (India Standard Time) - POST - /customers/ 
Thu May 06 2021 17:41:11 GMT+0530 (India Standard Time) - POST - /customers/ 
Thu May 06 2021 17:41:11 GMT+0530 (India Standard Time) - POST - /customers/ 
Thu May 06 2021 17:41:11 GMT+0530 (India Standard Time) - POST - /customers/ 
Thu May 06 2021 17:41:12 GMT+0530 (India Standard Time) - POST - /customers/ 
Thu May 06 2021 17:42:01 GMT+0530 (India Standard Time) - POST - /customers/ 
Thu May 06 2021 17:43:17 GMT+0530 (India Standard Time) - POST - /login 
Thu May 06 2021 17:43:20 GMT+0530 (India Standard Time) - GET - /customers/9009090443 
Thu May 06 2021 17:43:20 GMT+0530 (India Standard Time) - GET - /customers/9009090443/fNumber 
Thu May 06 2021 17:43:20 GMT+0530 (India Standard Time) - GET - /plan/3 
Fri May 07 2021 11:28:48 GMT+0530 (India Standard Time) - GET - /customers/8861887993 
Fri May 07 2021 11:28:49 GMT+0530 (India Standard Time) - GET - /favicon.ico 
Fri May 07 2021 11:53:04 GMT+0530 (India Standard Time) - POST - /login 
Fri May 07 2021 11:53:07 GMT+0530 (India Standard Time) - GET - /customers/8861887993 
Fri May 07 2021 11:54:36 GMT+0530 (India Standard Time) - POST - /login 
Fri May 07 2021 11:54:38 GMT+0530 (India Standard Time) - GET - /customers/8861887993 
Fri May 07 2021 11:56:32 GMT+0530 (India Standard Time) - POST - /login 
Fri May 07 2021 11:56:34 GMT+0530 (India Standard Time) - GET - /plans/ 
Fri May 07 2021 11:56:36 GMT+0530 (India Standard Time) - GET - /customers/8861887993/calldetails 
Fri May 07 2021 11:56:40 GMT+0530 (India Standard Time) - GET - /customers/8861887993 
Fri May 07 2021 11:56:46 GMT+0530 (India Standard Time) - GET - /customers/undefined 
Fri May 07 2021 11:56:46 GMT+0530 (India Standard Time) - GET - /customers/undefined/fNumber 
Fri May 07 2021 11:56:54 GMT+0530 (India Standard Time) - GET - /customers/undefined/calldetails 
Fri May 07 2021 11:56:55 GMT+0530 (India Standard Time) - GET - /plans/ 
Fri May 07 2021 11:56:56 GMT+0530 (India Standard Time) - GET - /customers/undefined/calldetails 
Fri May 07 2021 11:56:59 GMT+0530 (India Standard Time) - GET - /customers/undefined 
Fri May 07 2021 11:56:59 GMT+0530 (India Standard Time) - GET - /customers/undefined/fNumber 
Fri May 07 2021 11:57:05 GMT+0530 (India Standard Time) - GET - /customers/undefined 
Fri May 07 2021 11:57:05 GMT+0530 (India Standard Time) - GET - /customers/undefined/fNumber 
Fri May 07 2021 11:57:14 GMT+0530 (India Standard Time) - POST - /login 
Fri May 07 2021 11:57:16 GMT+0530 (India Standard Time) - GET - /customers/8861887993/fNumber 
Fri May 07 2021 11:57:16 GMT+0530 (India Standard Time) - GET - /customers/8861887993 
Fri May 07 2021 11:57:19 GMT+0530 (India Standard Time) - GET - /customers/8861887993/calldetails 
Fri May 07 2021 11:57:21 GMT+0530 (India Standard Time) - GET - /plans/ 
Fri May 07 2021 11:57:22 GMT+0530 (India Standard Time) - GET - /customers/8861887993 
Fri May 07 2021 11:57:22 GMT+0530 (India Standard Time) - GET - /customers/8861887993/fNumber 
Fri May 07 2021 11:57:26 GMT+0530 (India Standard Time) - GET - /customers/8861887993 
Fri May 07 2021 11:57:26 GMT+0530 (India Standard Time) - GET - /customers/8861887993/fNumber 
Fri May 07 2021 11:57:35 GMT+0530 (India Standard Time) - GET - /customers/8861887993/calldetails 
Fri May 07 2021 11:57:37 GMT+0530 (India Standard Time) - GET - /plans/ 
Fri May 07 2021 17:13:40 GMT+0530 (India Standard Time) - GET - /customers/8861887993 
Fri May 07 2021 17:14:34 GMT+0530 (India Standard Time) - POST - /login 
Fri May 07 2021 17:14:36 GMT+0530 (India Standard Time) - GET - /customers/8861887993 
Fri May 07 2021 17:14:36 GMT+0530 (India Standard Time) - GET - /customers/8861887993/fNumber 
Fri May 07 2021 17:14:39 GMT+0530 (India Standard Time) - GET - /customers/undefined 
Fri May 07 2021 17:14:39 GMT+0530 (India Standard Time) - GET - /customers/undefined/fNumber 
Fri May 07 2021 17:19:41 GMT+0530 (India Standard Time) - GET - /customers/undefined 
Fri May 07 2021 17:22:00 GMT+0530 (India Standard Time) - GET - /customers/undefined 
Fri May 07 2021 17:24:57 GMT+0530 (India Standard Time) - GET - /customers/undefined 
Fri May 07 2021 17:48:05 GMT+0530 (India Standard Time) - GET - /customers/8861887993 
Fri May 07 2021 17:48:09 GMT+0530 (India Standard Time) - GET - /customers/8861887993 
Wed May 26 2021 10:03:41 GMT+0530 (India Standard Time) - GET - / 
Wed May 26 2021 10:03:46 GMT+0530 (India Standard Time) - GET - /favicon.ico 
Wed May 26 2021 10:03:46 GMT+0530 (India Standard Time) - GET - /customers/9952272302 
Wed May 26 2021 10:23:46 GMT+0530 (India Standard Time) - POST - /login 
Wed May 26 2021 10:23:50 GMT+0530 (India Standard Time) - GET - /customers/8861887993 
Wed May 26 2021 10:25:12 GMT+0530 (India Standard Time) - GET - /customers/8861887993 
Wed May 26 2021 10:25:16 GMT+0530 (India Standard Time) - GET - /customers/8861887993 
Wed May 26 2021 11:16:14 GMT+0530 (India Standard Time) - POST - /login 
Wed May 26 2021 11:16:16 GMT+0530 (India Standard Time) - GET - /customers/8861887993 
Wed May 26 2021 11:17:01 GMT+0530 (India Standard Time) - GET - /customers/undefined/calldetails 
Wed May 26 2021 11:17:17 GMT+0530 (India Standard Time) - POST - /login 
Wed May 26 2021 11:17:18 GMT+0530 (India Standard Time) - GET - /customers/8861887993 
Wed May 26 2021 11:17:21 GMT+0530 (India Standard Time) - GET - /customers/8861887993/calldetails 
Wed May 26 2021 11:17:23 GMT+0530 (India Standard Time) - GET - /plans/ 
Wed May 26 2021 11:19:14 GMT+0530 (India Standard Time) - GET - /customers/undefined/calldetails 
Wed May 26 2021 11:19:15 GMT+0530 (India Standard Time) - GET - /plans/ 
Wed May 26 2021 11:19:16 GMT+0530 (India Standard Time) - GET - /customers/undefined 
Wed May 26 2021 11:19:17 GMT+0530 (India Standard Time) - GET - /customers/undefined/calldetails 
Wed May 26 2021 11:19:18 GMT+0530 (India Standard Time) - GET - /plans/ 
Wed May 26 2021 11:19:20 GMT+0530 (India Standard Time) - GET - /customers/undefined 
Wed May 26 2021 11:19:26 GMT+0530 (India Standard Time) - GET - /customers/undefined 
Wed May 26 2021 11:19:30 GMT+0530 (India Standard Time) - GET - /customers/undefined/calldetails 
Wed May 26 2021 11:19:31 GMT+0530 (India Standard Time) - GET - /plans/ 
Wed May 26 2021 11:19:33 GMT+0530 (India Standard Time) - GET - /customers/undefined 
Wed May 26 2021 11:23:10 GMT+0530 (India Standard Time) - POST - /customers/8861887993/friends 
Wed May 26 2021 11:23:40 GMT+0530 (India Standard Time) - GET - /customers/8861887993/friends 
Wed May 26 2021 11:23:58 GMT+0530 (India Standard Time) - GET - /customers/8861887993/fnumber 
Wed May 26 2021 11:27:52 GMT+0530 (India Standard Time) - POST - /login 
Wed May 26 2021 11:27:55 GMT+0530 (India Standard Time) - GET - /customers/9009009001 
Wed May 26 2021 11:28:00 GMT+0530 (India Standard Time) - GET - /customers/9009009001/calldetails 
Wed May 26 2021 11:28:01 GMT+0530 (India Standard Time) - GET - /plans/ 
Wed May 26 2021 11:29:04 GMT+0530 (India Standard Time) - POST - /login 
Wed May 26 2021 11:29:07 GMT+0530 (India Standard Time) - GET - /customers/8861887993 
Wed May 26 2021 11:29:11 GMT+0530 (India Standard Time) - GET - /customers/8861887993/calldetails 
Wed May 26 2021 11:29:12 GMT+0530 (India Standard Time) - GET - /plans/ 
Wed May 26 2021 11:29:42 GMT+0530 (India Standard Time) - POST - /customers/8861887993/friends 
Wed May 26 2021 11:30:04 GMT+0530 (India Standard Time) - GET - /customers/8861887993 
Wed May 26 2021 11:30:08 GMT+0530 (India Standard Time) - GET - /customers/undefined 
Wed May 26 2021 11:30:10 GMT+0530 (India Standard Time) - GET - /customers/undefined/calldetails 
Wed May 26 2021 11:30:10 GMT+0530 (India Standard Time) - GET - /plans/ 
Wed May 26 2021 11:30:13 GMT+0530 (India Standard Time) - GET - /customers/undefined 
Wed May 26 2021 11:30:52 GMT+0530 (India Standard Time) - POST - /login 
Wed May 26 2021 11:31:10 GMT+0530 (India Standard Time) - POST - /customers/8861887993/friends 
Wed May 26 2021 11:31:13 GMT+0530 (India Standard Time) - GET - /customers/8861887993 
Wed May 26 2021 11:31:46 GMT+0530 (India Standard Time) - GET - /customers/8861887993/calldetails 
Wed May 26 2021 11:31:47 GMT+0530 (India Standard Time) - GET - /plans/ 
Wed May 26 2021 11:31:50 GMT+0530 (India Standard Time) - GET - /customers/8861887993 
Thu May 27 2021 09:18:18 GMT+0530 (India Standard Time) - GET - /customers/8861887993 
Thu May 27 2021 09:18:41 GMT+0530 (India Standard Time) - POST - /login 
Thu May 27 2021 09:18:44 GMT+0530 (India Standard Time) - GET - /customers/8861887993 
Thu May 27 2021 09:19:29 GMT+0530 (India Standard Time) - GET - /customers/undefined 
Thu May 27 2021 09:19:32 GMT+0530 (India Standard Time) - GET - /customers/undefined 
Thu May 27 2021 09:19:53 GMT+0530 (India Standard Time) - POST - /login 
Thu May 27 2021 09:19:55 GMT+0530 (India Standard Time) - GET - /customers/8861887993 
Thu May 27 2021 09:20:04 GMT+0530 (India Standard Time) - GET - /customers/8861887993 
Thu May 27 2021 09:20:49 GMT+0530 (India Standard Time) - GET - /customers/undefined 
Thu May 27 2021 09:21:16 GMT+0530 (India Standard Time) - POST - /login 
Thu May 27 2021 09:23:05 GMT+0530 (India Standard Time) - POST - /login 
Thu May 27 2021 09:23:07 GMT+0530 (India Standard Time) - GET - /customers/8861887993 
Thu May 27 2021 09:23:11 GMT+0530 (India Standard Time) - GET - /customers/8861887993/calldetails 
Thu May 27 2021 09:23:12 GMT+0530 (India Standard Time) - GET - /plans/ 
Thu May 27 2021 09:23:24 GMT+0530 (India Standard Time) - POST - /customers/8861887993/friends 
Thu May 27 2021 09:23:26 GMT+0530 (India Standard Time) - GET - /customers/8861887993 
Thu May 27 2021 09:23:54 GMT+0530 (India Standard Time) - POST - /customers/ 
Thu May 27 2021 09:24:00 GMT+0530 (India Standard Time) - POST - /customers/ 
Thu May 27 2021 09:24:01 GMT+0530 (India Standard Time) - POST - /customers/ 
Thu May 27 2021 09:24:01 GMT+0530 (India Standard Time) - POST - /customers/ 
Thu May 27 2021 09:24:02 GMT+0530 (India Standard Time) - POST - /customers/ 
Thu May 27 2021 09:24:02 GMT+0530 (India Standard Time) - POST - /customers/ 
Thu May 27 2021 09:24:49 GMT+0530 (India Standard Time) - POST - /customers/ 
Thu May 27 2021 11:08:30 GMT+0530 (India Standard Time) - POST - /customers 
Thu May 27 2021 11:08:57 GMT+0530 (India Standard Time) - POST - /customers 
Thu May 27 2021 11:08:59 GMT+0530 (India Standard Time) - POST - /customers 
Thu May 27 2021 11:13:26 GMT+0530 (India Standard Time) - POST - /customers/ 
Thu May 27 2021 11:14:03 GMT+0530 (India Standard Time) - POST - /login 
Thu May 27 2021 11:14:05 GMT+0530 (India Standard Time) - GET - /customers/8861887993 
Thu May 27 2021 11:14:09 GMT+0530 (India Standard Time) - GET - /customers/8861887993/calldetails 
Thu May 27 2021 11:14:10 GMT+0530 (India Standard Time) - GET - /plans/ 
Thu May 27 2021 11:14:22 GMT+0530 (India Standard Time) - POST - /customers/8861887993/friends 
Thu May 27 2021 11:16:56 GMT+0530 (India Standard Time) - POST - /customers/8861887993/friends 
Thu May 27 2021 11:17:00 GMT+0530 (India Standard Time) - GET - /customers/8861887993 
Thu May 27 2021 11:48:05 GMT+0530 (India Standard Time) - POST - /login 
Thu May 27 2021 11:48:13 GMT+0530 (India Standard Time) - GET - /customers/8861887993 
Thu May 27 2021 11:48:38 GMT+0530 (India Standard Time) - GET - /customers/8861887993/calldetails 
Thu May 27 2021 11:48:46 GMT+0530 (India Standard Time) - GET - /plans/ 
Thu May 27 2021 11:49:12 GMT+0530 (India Standard Time) - GET - /customers/8861887993 
Thu May 27 2021 11:50:56 GMT+0530 (India Standard Time) - POST - /customers/8861887993/friends 
Thu May 27 2021 11:50:59 GMT+0530 (India Standard Time) - GET - /customers/8861887993 
Thu May 27 2021 11:51:03 GMT+0530 (India Standard Time) - GET - /plans/ 
Thu May 27 2021 11:51:04 GMT+0530 (India Standard Time) - GET - /customers/8861887993/calldetails 
Thu May 27 2021 11:51:05 GMT+0530 (India Standard Time) - GET - /customers/8861887993 
Tue Jun 15 2021 12:10:09 GMT+0530 (India Standard Time) - GET - /customers/8861887993 
Tue Jun 15 2021 12:10:10 GMT+0530 (India Standard Time) - GET - /favicon.ico 
Tue Jun 15 2021 12:13:12 GMT+0530 (India Standard Time) - POST - /login 
Tue Jun 15 2021 12:13:16 GMT+0530 (India Standard Time) - GET - /customers/8861887993 
Tue Jun 15 2021 12:13:23 GMT+0530 (India Standard Time) - GET - /customers/8861887993/calldetails 
Tue Jun 15 2021 12:13:25 GMT+0530 (India Standard Time) - GET - /plans/ 
Tue Jun 15 2021 12:13:43 GMT+0530 (India Standard Time) - POST - /customers/8861887993/friends 
Tue Jun 15 2021 12:13:45 GMT+0530 (India Standard Time) - GET - /customers/8861887993 
Wed Jun 16 2021 18:24:42 GMT+0530 (India Standard Time) - GET - /customers/8861887993 
Wed Jun 16 2021 18:24:47 GMT+0530 (India Standard Time) - GET - /customers/undefined 
Wed Jun 16 2021 18:24:55 GMT+0530 (India Standard Time) - POST - /login 
Wed Jun 16 2021 18:24:57 GMT+0530 (India Standard Time) - GET - /customers/8861887993 
Wed Jun 16 2021 18:25:02 GMT+0530 (India Standard Time) - GET - /customers/8861887993/calldetails 
Wed Jun 16 2021 18:25:03 GMT+0530 (India Standard Time) - GET - /plans/ 
Wed Jun 16 2021 18:25:06 GMT+0530 (India Standard Time) - GET - /customers/8861887993 
Tue Jul 13 2021 11:57:23 GMT+0530 (India Standard Time) - POST - /login 
Tue Jul 13 2021 11:57:26 GMT+0530 (India Standard Time) - GET - /customers/8861887993 
Tue Jul 13 2021 11:57:38 GMT+0530 (India Standard Time) - GET - /customers/8861887993/calldetails 
Tue Jul 13 2021 11:57:40 GMT+0530 (India Standard Time) - GET - /plans/ 
Tue Jul 13 2021 11:57:46 GMT+0530 (India Standard Time) - GET - /customers/8861887993/calldetails 
Tue Jul 13 2021 11:58:45 GMT+0530 (India Standard Time) - POST - /customers/8861887993/friends 
Tue Jul 13 2021 11:58:48 GMT+0530 (India Standard Time) - GET - /customers/8861887993/calldetails 
Tue Jul 13 2021 11:58:51 GMT+0530 (India Standard Time) - GET - /customers/undefined/calldetails 
Tue Jul 13 2021 11:58:55 GMT+0530 (India Standard Time) - GET - /customers/undefined/calldetails 
Tue Jul 13 2021 11:58:56 GMT+0530 (India Standard Time) - GET - /customers/undefined 
Tue Jul 13 2021 11:59:18 GMT+0530 (India Standard Time) - POST - /login 
Tue Jul 13 2021 11:59:23 GMT+0530 (India Standard Time) - GET - /customers/8861887993 
Tue Jul 13 2021 11:59:25 GMT+0530 (India Standard Time) - GET - /customers/8861887993/calldetails 
Tue Jul 13 2021 11:59:31 GMT+0530 (India Standard Time) - GET - /plans/ 
Tue Jul 13 2021 11:59:58 GMT+0530 (India Standard Time) - POST - /customers/8861887993/friends 
Tue Jul 13 2021 11:59:59 GMT+0530 (India Standard Time) - GET - /customers/8861887993/calldetails 
Tue Jul 13 2021 12:00:05 GMT+0530 (India Standard Time) - GET - /customers/8861887993 
Tue Jul 13 2021 12:00:09 GMT+0530 (India Standard Time) - GET - /customers/8861887993/calldetails 
Tue Jul 13 2021 12:00:11 GMT+0530 (India Standard Time) - GET - /customers/8861887993/calldetails 
Tue Jul 13 2021 12:00:12 GMT+0530 (India Standard Time) - GET - /plans/ 
Tue Jul 13 2021 12:00:13 GMT+0530 (India Standard Time) - GET - /customers/8861887993/calldetails 
Tue Jul 13 2021 12:00:35 GMT+0530 (India Standard Time) - GET - /plans/ 
Tue Jul 13 2021 12:00:37 GMT+0530 (India Standard Time) - GET - /customers/8861887993 
Tue Jul 13 2021 12:01:24 GMT+0530 (India Standard Time) - GET - /plans/ 
Tue Jul 13 2021 12:01:45 GMT+0530 (India Standard Time) - POST - /customers/ 
Tue Jul 13 2021 12:06:53 GMT+0530 (India Standard Time) - POST - /customers/ 
Tue Jul 13 2021 12:10:07 GMT+0530 (India Standard Time) - POST - /customers/ 
Tue Jul 13 2021 12:21:22 GMT+0530 (India Standard Time) - POST - /login 
Tue Jul 13 2021 12:21:24 GMT+0530 (India Standard Time) - GET - /customers/9009009001 
Tue Jul 13 2021 15:29:51 GMT+0530 (India Standard Time) - POST - /login 
Tue Jul 13 2021 15:29:54 GMT+0530 (India Standard Time) - GET - /customers/8861887993 
Tue Jul 13 2021 15:29:59 GMT+0530 (India Standard Time) - GET - /customers/8861887993/calldetails 
Tue Jul 13 2021 15:30:00 GMT+0530 (India Standard Time) - GET - /plans/ 
Tue Jul 13 2021 15:30:05 GMT+0530 (India Standard Time) - GET - /customers/8861887993 
Tue Jul 13 2021 15:30:21 GMT+0530 (India Standard Time) - POST - /customers/8861887993/friends 
Thu Jul 15 2021 16:13:24 GMT+0530 (India Standard Time) - POST - /login 
Thu Jul 15 2021 16:13:25 GMT+0530 (India Standard Time) - GET - /customers/8861887993 
Thu Jul 15 2021 16:14:06 GMT+0530 (India Standard Time) - GET - /customers/undefined/calldetails 
Thu Jul 15 2021 16:14:25 GMT+0530 (India Standard Time) - POST - /login 
Thu Jul 15 2021 16:14:29 GMT+0530 (India Standard Time) - GET - /customers/8861887993/calldetails 
Thu Jul 15 2021 16:14:30 GMT+0530 (India Standard Time) - GET - /plans/ 
Thu Jul 15 2021 16:14:42 GMT+0530 (India Standard Time) - POST - /customers/8861887993/friends 
Thu Jul 15 2021 16:14:50 GMT+0530 (India Standard Time) - GET - /customers/8861887993 
Thu Jul 15 2021 16:15:04 GMT+0530 (India Standard Time) - POST - /customers/8861887993/friends 
Thu Jul 15 2021 16:15:06 GMT+0530 (India Standard Time) - GET - /customers/8861887993 
Thu Jul 15 2021 16:15:40 GMT+0530 (India Standard Time) - POST - /customers/ 
Fri Jul 16 2021 11:52:02 GMT+0530 (India Standard Time) - POST - /login 
Fri Jul 16 2021 11:52:08 GMT+0530 (India Standard Time) - GET - /customers/8861887993 
Fri Jul 16 2021 11:52:53 GMT+0530 (India Standard Time) - GET - /customers/8861887993/calldetails 
Fri Jul 16 2021 11:53:06 GMT+0530 (India Standard Time) - GET - /plans/ 
Fri Jul 16 2021 11:53:35 GMT+0530 (India Standard Time) - POST - /customers/8861887993/friends 
Fri Jul 16 2021 11:53:38 GMT+0530 (India Standard Time) - GET - /customers/8861887993 
Fri Jul 16 2021 11:56:10 GMT+0530 (India Standard Time) - GET - /customers/8861887993/calldetails 
Fri Jul 16 2021 11:56:11 GMT+0530 (India Standard Time) - GET - /customers/8861887993 
Fri Jul 16 2021 17:48:00 GMT+0530 (India Standard Time) - POST - /login 
Fri Jul 16 2021 17:48:03 GMT+0530 (India Standard Time) - GET - /customers/8861887993 
Fri Jul 16 2021 17:48:07 GMT+0530 (India Standard Time) - GET - /customers/8861887993/calldetails 
Fri Jul 16 2021 17:48:09 GMT+0530 (India Standard Time) - GET - /plans/ 
Fri Jul 16 2021 17:48:21 GMT+0530 (India Standard Time) - POST - /customers/8861887993/friends 
Fri Jul 16 2021 17:48:24 GMT+0530 (India Standard Time) - GET - /customers/8861887993 
Fri Jul 16 2021 17:48:26 GMT+0530 (India Standard Time) - GET - /plans/ 
Fri Jul 16 2021 17:48:28 GMT+0530 (India Standard Time) - GET - /customers/8861887993/calldetails 
Fri Jul 16 2021 17:48:33 GMT+0530 (India Standard Time) - GET - /customers/8861887993/calldetails 
Fri Jul 16 2021 17:48:36 GMT+0530 (India Standard Time) - GET - /plans/ 
Fri Jul 16 2021 17:48:37 GMT+0530 (India Standard Time) - GET - /customers/8861887993 
Fri Jul 16 2021 17:49:22 GMT+0530 (India Standard Time) - GET - /customers/8861887993 
Fri Jul 16 2021 17:50:02 GMT+0530 (India Standard Time) - POST - /customers/ 
Tue Jul 27 2021 10:48:05 GMT+0530 (India Standard Time) - POST - /customers/ 
Tue Jul 27 2021 10:48:39 GMT+0530 (India Standard Time) - POST - /login 
Tue Jul 27 2021 10:48:42 GMT+0530 (India Standard Time) - GET - /customers/9009009001 
Tue Jul 27 2021 10:49:59 GMT+0530 (India Standard Time) - POST - /customers/9009009001/friends 
Tue Jul 27 2021 10:50:03 GMT+0530 (India Standard Time) - GET - /customers/9009009001 
Tue Jul 27 2021 10:50:09 GMT+0530 (India Standard Time) - GET - /plans/ 
Tue Jul 27 2021 10:50:10 GMT+0530 (India Standard Time) - GET - /customers/9009009001/calldetails 
Tue Jul 27 2021 10:50:19 GMT+0530 (India Standard Time) - GET - /customers/9009009001 
Tue Jul 27 2021 10:50:19 GMT+0530 (India Standard Time) - GET - /customers/9009009001/calldetails 
Tue Jul 27 2021 10:50:33 GMT+0530 (India Standard Time) - POST - /login 
Tue Jul 27 2021 10:50:35 GMT+0530 (India Standard Time) - GET - /customers/8861887993 
Tue Jul 27 2021 10:50:38 GMT+0530 (India Standard Time) - GET - /customers/8861887993/calldetails 
Wed Sep 22 2021 14:56:05 GMT+0530 (India Standard Time) - GET - /plans/mobi_60 
Wed Sep 22 2021 14:56:05 GMT+0530 (India Standard Time) - GET - /favicon.ico 
Wed Sep 22 2021 14:56:12 GMT+0530 (India Standard Time) - GET - /plans/mobi_10 
